06/25/14 02:26:07 WARNING main: Alarm: event=2 node=2045 device=2: doorclo
06/25/14 02:26:11 INFO    AlarmSaver: Alarm saved: node=2045 device=2 event=2; doorop
06/25/14 02:26:11 WARNING GSMmasterInterface: Alarm: event=2 node=2045 device=2: doorop
06/27/14 02:26:34 WARNING GSMmasterInterface: Alarm: event=2 node=2045 device=2: doorop
06/30/14 02:25:02 WARNING GSMmasterInterface: Alarm: event=2 node=2045 device=2: doorop
qwerty
qwertyuurjhr
βσοΰτφοτφοκκσο
342352534523562356
2κ34κει34οει234ε
32e23er23r23r
wefwefwefwef
wewergfwergwegrwegwerg
23er213r123r1
r3r234tr234t234t234t234t234t234t
234t234t234t234t234t234t234t234t
23t423t234t234ttgwtwertetwertwertwerert

r34er34r34


gaesgsergsegsergserwefwehyuytrurtyu


werwetrwetwer
wertqetq235245634634